<?xml version="1.0" encoding="UTF-8"?>
<!-- Generated by org.testng.reporters.JUnitReportReporter -->
<testsuite hostname="Ranjithkumars.local" failures="0" tests="1" name="testng.javatestng" time="0.004" errors="0" timestamp="2023-05-10T10:42:21 IST" skipped="0">
  <testcase classname="testng.javatestng" name="test" time="0.004"/>
  <system-out/>
</testsuite> <!-- testng.javatestng -->
