<?xml version="1.0" encoding="UTF-8"?>
<!-- Generated by org.testng.reporters.JUnitReportReporter -->
<testsuite hostname="Ranjithkumars.local" failures="0" tests="1" name="TESTS.GetAndPostExample" time="1.194" errors="0" timestamp="2023-08-10T17:59:38 IST" skipped="0">
  <testcase classname="TESTS.GetAndPostExample" name="testPost" time="1.194"/>
</testsuite> <!-- TESTS.GetAndPostExample -->
