<?xml version="1.0" encoding="UTF-8"?>
<!-- Generated by org.testng.reporters.JUnitReportReporter -->
<testsuite hostname="Ranjithkumars.local" failures="0" tests="1" name="TESTS.JsonSchemavalidator" time="1.129" errors="0" timestamp="2023-08-16T16:44:04 IST" skipped="0">
  <testcase classname="TESTS.JsonSchemavalidator" name="testget" time="1.129"/>
</testsuite> <!-- TESTS.JsonSchemavalidator -->
