<?xml version="1.0" encoding="UTF-8"?>
<!-- Generated by org.testng.reporters.JUnitReportReporter -->
<testsuite hostname="Ranjithkumars.local" failures="0" tests="3" name="TESTS.PutPatchDeleteExample" time="2.225" errors="0" timestamp="2023-08-11T11:50:57 IST" skipped="0">
  <testcase classname="TESTS.PutPatchDeleteExample" name="testDelete" time="1.149"/>
  <testcase classname="TESTS.PutPatchDeleteExample" name="testPatch" time="0.596"/>
  <testcase classname="TESTS.PutPatchDeleteExample" name="testput" time="0.480"/>
</testsuite> <!-- TESTS.PutPatchDeleteExample -->
