<?xml version="1.0" encoding="UTF-8"?>
<!-- Generated by org.testng.reporters.JUnitReportReporter -->
<testsuite hostname="Ranjithkumars.local" failures="0" tests="2" name="TESTS.TestExamples" time="1.137" errors="0" timestamp="2023-08-10T15:53:31 IST" skipped="0">
  <testcase classname="TESTS.TestExamples" name="test_1" time="0.758"/>
  <testcase classname="TESTS.TestExamples" name="test_2" time="0.379"/>
</testsuite> <!-- TESTS.TestExamples -->
