<?xml version="1.0" encoding="UTF-8"?>
<!-- Generated by org.testng.reporters.JUnitReportReporter -->
<testsuite hostname="Ranjithkumars.local" failures="0" tests="1" name="Reporting.Reporting_info" time="2.810" errors="0" timestamp="2023-04-07T09:44:05 IST" skipped="0">
  <testcase classname="Reporting.Reporting_info" name="report" time="2.810"/>
  <system-out>
    <![CDATA[setting up the chrome driver
launching the chrome 

current page title is : Google]]>
  </system-out>
</testsuite> <!-- Reporting.Reporting_info -->
