<?xml version="1.0" encoding="UTF-8"?>
<!-- Generated by org.testng.reporters.JUnitReportReporter -->
<testsuite hostname="Ranjithkumars.local" failures="0" tests="2" name="Annotations.NewTest" time="0.006" errors="0" timestamp="2023-04-06T14:42:17 IST" skipped="0">
  <testcase classname="Annotations.NewTest" name="secondtest" time="0.001"/>
  <system-out/>
  <testcase classname="Annotations.NewTest" name="firsttest" time="0.005"/>
  <system-out/>
</testsuite> <!-- Annotations.NewTest -->
