<?xml version="1.0" encoding="UTF-8"?>
<!-- Generated by org.testng.reporters.JUnitReportReporter -->
<testsuite hostname="Ranjithkumars-MacBook-Air.local" failures="0" tests="2" name="maven_testng.maven_testng.NewTest" time="0.006" errors="0" timestamp="2023-03-29T18:39:17 IST" skipped="0">
  <testcase classname="maven_testng.maven_testng.NewTest" name="g" time="0.002"/>
  <system-out/>
  <testcase classname="maven_testng.maven_testng.NewTest" name="f" time="0.004"/>
  <system-out/>
</testsuite> <!-- maven_testng.maven_testng.NewTest -->
