<?xml version="1.0" encoding="UTF-8"?>
<!-- Generated by org.testng.reporters.JUnitReportReporter -->
<testsuite hostname="Ranjithkumars.local" failures="0" tests="3" name="paralleldemo.parallel" time="0.006" errors="0" timestamp="2023-04-06T14:42:05 IST" skipped="0">
  <testcase classname="paralleldemo.parallel" name="testcase2" time="0.001"/>
  <system-out/>
  <testcase classname="paralleldemo.parallel" name="testcase3" time="0.000"/>
  <system-out/>
  <testcase classname="paralleldemo.parallel" name="testcase1" time="0.005"/>
  <system-out/>
</testsuite> <!-- paralleldemo.parallel -->
