<?xml version="1.0" encoding="UTF-8"?>
<!-- Generated by org.testng.reporters.JUnitReportReporter -->
<testsuite hostname="Ranjithkumars.local" failures="0" tests="2" name="Dataprovider.dataproviderdemo" time="0.005" errors="0" timestamp="2023-04-07T11:33:39 IST" skipped="0">
  <testcase classname="Dataprovider.dataproviderdemo" name="testcasedemo" time="0.001"/>
  <system-out/>
  <testcase classname="Dataprovider.dataproviderdemo" name="testcasedemo" time="0.004"/>
  <system-out/>
</testsuite> <!-- Dataprovider.dataproviderdemo -->
